2020-11-28 17:30:45.742 [SpringContextShutdownHook] INFO  o.s.scheduling.concurrent.ThreadPoolTaskExecutor - Shutting down ExecutorService 'applicationTaskExecutor'
2020-11-28 17:30:45.748 [SpringContextShutdownHook] INFO  com.alibaba.druid.pool.DruidDataSource - {dataSource-1} closed
2020-11-28 17:30:55.697 [restartedMain] INFO  com.salary.TenthTeamApplication - Starting TenthTeamApplication on LAPTOP-D6AL548I with PID 2744 (D:\Java\JavaProjects\salary\target\classes started by 刘以强 in D:\Java\JavaProjects\salary)
2020-11-28 17:30:55.699 [restartedMain] INFO  com.salary.TenthTeamApplication - The following profiles are active: prod
2020-11-28 17:30:55.764 [restartedMain] INFO  o.s.boot.devtools.restart.ChangeableUrls - The Class-Path manifest attribute in D:\maven\repository\com\sun\xml\bind\jaxb-impl\2.3.0\jaxb-impl-2.3.0.jar referenced one or more files that do not exist: file:/D:/maven/repository/com/sun/xml/bind/jaxb-impl/2.3.0/jaxb-core.jar
2020-11-28 17:30:55.764 [restartedMain] INFO  o.s.boot.devtools.restart.ChangeableUrls - The Class-Path manifest attribute in D:\maven\repository\com\sun\xml\bind\jaxb-core\2.3.0\jaxb-core-2.3.0.jar referenced one or more files that do not exist: file:/D:/maven/repository/com/sun/xml/bind/jaxb-core/2.3.0/jaxb-api.jar
2020-11-28 17:30:55.764 [restartedMain] INFO  o.s.b.d.env.DevToolsPropertyDefaultsPostProcessor - Devtools property defaults active! Set 'spring.devtools.add-properties' to 'false' to disable
2020-11-28 17:30:55.764 [restartedMain] INFO  o.s.b.d.env.DevToolsPropertyDefaultsPostProcessor - For additional web related logging consider setting the 'logging.level.web' property to 'DEBUG'
2020-11-28 17:30:57.167 [restartedMain] INFO  o.s.boot.web.embedded.tomcat.TomcatWebServer - Tomcat initialized with port(s): 5678 (http)
2020-11-28 17:30:57.196 [restartedMain] INFO  org.apache.catalina.core.StandardService - Starting service [Tomcat]
2020-11-28 17:30:57.197 [restartedMain] INFO  org.apache.catalina.core.StandardEngine - Starting Servlet engine: [Apache Tomcat/9.0.39]
2020-11-28 17:30:57.295 [restartedMain] INFO  o.a.c.c.C.[Tomcat].[localhost].[/salary] - Initializing Spring embedded WebApplicationContext
2020-11-28 17:30:57.295 [restartedMain] INFO  o.s.b.w.s.c.ServletWebServerApplicationContext - Root WebApplicationContext: initialization completed in 1530 ms
2020-11-28 17:30:57.379 [restartedMain] INFO  c.a.d.s.b.a.DruidDataSourceAutoConfigure - Init DruidDataSource
2020-11-28 17:31:04.649 [restartedMain] INFO  com.alibaba.druid.pool.DruidDataSource - {dataSource-1} inited
2020-11-28 17:31:05.258 [restartedMain] INFO  o.s.security.web.DefaultSecurityFilterChain - Creating filter chain: Ant [pattern='/forget'], []
2020-11-28 17:31:05.259 [restartedMain] INFO  o.s.security.web.DefaultSecurityFilterChain - Creating filter chain: Ant [pattern='/sendmail'], []
2020-11-28 17:31:05.323 [restartedMain] INFO  o.s.security.web.DefaultSecurityFilterChain - Creating filter chain: any request, [org.springframework.security.web.context.request.async.WebAsyncManagerIntegrationFilter@5005ed27, org.springframework.security.web.context.SecurityContextPersistenceFilter@6b29cd34, org.springframework.security.web.header.HeaderWriterFilter@3a0a7a95, org.springframework.web.filter.CorsFilter@54b3167b, org.springframework.security.web.authentication.logout.LogoutFilter@64bd697, com.salary.security.TokenAuthenticationFilter@7d1b2a82, org.springframework.security.web.authentication.UsernamePasswordAuthenticationFilter@3ffb2334, org.springframework.security.web.authentication.ui.DefaultLoginPageGeneratingFilter@41ed6209, org.springframework.security.web.authentication.ui.DefaultLogoutPageGeneratingFilter@a761613, org.springframework.security.web.authentication.www.BasicAuthenticationFilter@10af273f, org.springframework.security.web.savedrequest.RequestCacheAwareFilter@6bd3e0be, org.springframework.security.web.servletapi.SecurityContextHolderAwareRequestFilter@2531d301, org.springframework.security.web.authentication.AnonymousAuthenticationFilter@3d3cc006, org.springframework.security.web.session.SessionManagementFilter@4a07ab3a, org.springframework.security.web.access.ExceptionTranslationFilter@470b7c83, org.springframework.security.web.access.intercept.FilterSecurityInterceptor@5be45c75]
2020-11-28 17:31:05.477 [restartedMain] INFO  o.s.scheduling.concurrent.ThreadPoolTaskExecutor - Initializing ExecutorService 'applicationTaskExecutor'
2020-11-28 17:31:05.730 [restartedMain] WARN  o.s.b.a.freemarker.FreeMarkerAutoConfiguration - Cannot find template location(s): [classpath:/templates/] (please add some templates, check your FreeMarker configuration, or set spring.freemarker.checkTemplateLocation=false)
2020-11-28 17:31:05.805 [restartedMain] INFO  o.s.b.d.autoconfigure.OptionalLiveReloadServer - LiveReload server is running on port 35729
2020-11-28 17:31:05.871 [restartedMain] INFO  o.s.boot.web.embedded.tomcat.TomcatWebServer - Tomcat started on port(s): 5678 (http) with context path '/salary'
2020-11-28 17:31:05.888 [restartedMain] INFO  com.salary.TenthTeamApplication - Started TenthTeamApplication in 10.784 seconds (JVM running for 11.696)
2020-11-28 17:31:06.838 [http-nio-5678-exec-1] INFO  o.a.c.c.C.[Tomcat].[localhost].[/salary] - Initializing Spring DispatcherServlet 'dispatcherServlet'
2020-11-28 17:31:06.839 [http-nio-5678-exec-1] INFO  org.springframework.web.servlet.DispatcherServlet - Initializing Servlet 'dispatcherServlet'
2020-11-28 17:31:06.847 [http-nio-5678-exec-1] INFO  org.springframework.web.servlet.DispatcherServlet - Completed initialization in 8 ms
2020-11-28 17:32:35.187 [restartedMain] INFO  com.salary.TenthTeamApplication - Starting TenthTeamApplication on LAPTOP-D6AL548I with PID 4644 (D:\Java\JavaProjects\salary\target\classes started by 刘以强 in D:\Java\JavaProjects\salary)
2020-11-28 17:32:35.191 [restartedMain] INFO  com.salary.TenthTeamApplication - The following profiles are active: prod
2020-11-28 17:32:35.260 [restartedMain] INFO  o.s.boot.devtools.restart.ChangeableUrls - The Class-Path manifest attribute in D:\maven\repository\com\sun\xml\bind\jaxb-impl\2.3.0\jaxb-impl-2.3.0.jar referenced one or more files that do not exist: file:/D:/maven/repository/com/sun/xml/bind/jaxb-impl/2.3.0/jaxb-core.jar
2020-11-28 17:32:35.261 [restartedMain] INFO  o.s.boot.devtools.restart.ChangeableUrls - The Class-Path manifest attribute in D:\maven\repository\com\sun\xml\bind\jaxb-core\2.3.0\jaxb-core-2.3.0.jar referenced one or more files that do not exist: file:/D:/maven/repository/com/sun/xml/bind/jaxb-core/2.3.0/jaxb-api.jar
2020-11-28 17:32:35.264 [restartedMain] INFO  o.s.b.d.env.DevToolsPropertyDefaultsPostProcessor - Devtools property defaults active! Set 'spring.devtools.add-properties' to 'false' to disable
2020-11-28 17:32:35.265 [restartedMain] INFO  o.s.b.d.env.DevToolsPropertyDefaultsPostProcessor - For additional web related logging consider setting the 'logging.level.web' property to 'DEBUG'
2020-11-28 17:32:36.582 [restartedMain] INFO  o.s.boot.web.embedded.tomcat.TomcatWebServer - Tomcat initialized with port(s): 5678 (http)
2020-11-28 17:32:36.590 [restartedMain] INFO  org.apache.catalina.core.StandardService - Starting service [Tomcat]
2020-11-28 17:32:36.590 [restartedMain] INFO  org.apache.catalina.core.StandardEngine - Starting Servlet engine: [Apache Tomcat/9.0.39]
2020-11-28 17:32:36.684 [restartedMain] INFO  o.a.c.c.C.[Tomcat].[localhost].[/salary] - Initializing Spring embedded WebApplicationContext
2020-11-28 17:32:36.684 [restartedMain] INFO  o.s.b.w.s.c.ServletWebServerApplicationContext - Root WebApplicationContext: initialization completed in 1418 ms
2020-11-28 17:32:36.743 [restartedMain] INFO  c.a.d.s.b.a.DruidDataSourceAutoConfigure - Init DruidDataSource
2020-11-28 17:32:43.783 [restartedMain] INFO  com.alibaba.druid.pool.DruidDataSource - {dataSource-1} inited
2020-11-28 17:32:44.437 [restartedMain] INFO  o.s.security.web.DefaultSecurityFilterChain - Creating filter chain: Ant [pattern='/forget'], []
2020-11-28 17:32:44.438 [restartedMain] INFO  o.s.security.web.DefaultSecurityFilterChain - Creating filter chain: Ant [pattern='/sendmail'], []
2020-11-28 17:32:44.500 [restartedMain] INFO  o.s.security.web.DefaultSecurityFilterChain - Creating filter chain: any request, [org.springframework.security.web.context.request.async.WebAsyncManagerIntegrationFilter@5280c4fc, org.springframework.security.web.context.SecurityContextPersistenceFilter@319de048, org.springframework.security.web.header.HeaderWriterFilter@2531d301, org.springframework.web.filter.CorsFilter@779c0a1d, org.springframework.security.web.authentication.logout.LogoutFilter@4d63640d, com.salary.security.TokenAuthenticationFilter@22098f2b, org.springframework.security.web.authentication.UsernamePasswordAuthenticationFilter@3d3cc006, org.springframework.security.web.authentication.ui.DefaultLoginPageGeneratingFilter@64bd697, org.springframework.security.web.authentication.ui.DefaultLogoutPageGeneratingFilter@6aaf1ecd, org.springframework.security.web.authentication.www.BasicAuthenticationFilter@a761613, org.springframework.security.web.savedrequest.RequestCacheAwareFilter@a3f1b5, org.springframework.security.web.servletapi.SecurityContextHolderAwareRequestFilter@32260067, org.springframework.security.web.authentication.AnonymousAuthenticationFilter@3ecf1035, org.springframework.security.web.session.SessionManagementFilter@43bb1935, org.springframework.security.web.access.ExceptionTranslationFilter@6aed1726, org.springframework.security.web.access.intercept.FilterSecurityInterceptor@5a2da7be]
2020-11-28 17:32:44.649 [restartedMain] INFO  o.s.scheduling.concurrent.ThreadPoolTaskExecutor - Initializing ExecutorService 'applicationTaskExecutor'
2020-11-28 17:32:44.921 [restartedMain] WARN  o.s.b.a.freemarker.FreeMarkerAutoConfiguration - Cannot find template location(s): [classpath:/templates/] (please add some templates, check your FreeMarker configuration, or set spring.freemarker.checkTemplateLocation=false)
2020-11-28 17:32:44.986 [restartedMain] INFO  o.s.b.d.autoconfigure.OptionalLiveReloadServer - LiveReload server is running on port 35729
2020-11-28 17:32:45.064 [restartedMain] INFO  o.s.boot.web.embedded.tomcat.TomcatWebServer - Tomcat started on port(s): 5678 (http) with context path '/salary'
2020-11-28 17:32:45.081 [restartedMain] INFO  com.salary.TenthTeamApplication - Started TenthTeamApplication in 10.472 seconds (JVM running for 11.408)
2020-11-28 17:32:45.391 [http-nio-5678-exec-1] INFO  o.a.c.c.C.[Tomcat].[localhost].[/salary] - Initializing Spring DispatcherServlet 'dispatcherServlet'
2020-11-28 17:32:45.391 [http-nio-5678-exec-1] INFO  org.springframework.web.servlet.DispatcherServlet - Initializing Servlet 'dispatcherServlet'
2020-11-28 17:32:45.399 [http-nio-5678-exec-1] INFO  org.springframework.web.servlet.DispatcherServlet - Completed initialization in 7 ms
2020-11-28 19:41:41.964 [restartedMain] INFO  com.salary.TenthTeamApplication - Starting TenthTeamApplication on LAPTOP-D6AL548I with PID 1276 (D:\Java\JavaProjects\salary\target\classes started by 刘以强 in D:\Java\JavaProjects\salary)
2020-11-28 19:41:41.974 [restartedMain] INFO  com.salary.TenthTeamApplication - The following profiles are active: prod
2020-11-28 19:41:42.049 [restartedMain] INFO  o.s.boot.devtools.restart.ChangeableUrls - The Class-Path manifest attribute in D:\maven\repository\com\sun\xml\bind\jaxb-impl\2.3.0\jaxb-impl-2.3.0.jar referenced one or more files that do not exist: file:/D:/maven/repository/com/sun/xml/bind/jaxb-impl/2.3.0/jaxb-core.jar
2020-11-28 19:41:42.049 [restartedMain] INFO  o.s.boot.devtools.restart.ChangeableUrls - The Class-Path manifest attribute in D:\maven\repository\com\sun\xml\bind\jaxb-core\2.3.0\jaxb-core-2.3.0.jar referenced one or more files that do not exist: file:/D:/maven/repository/com/sun/xml/bind/jaxb-core/2.3.0/jaxb-api.jar
2020-11-28 19:41:42.054 [restartedMain] INFO  o.s.b.d.env.DevToolsPropertyDefaultsPostProcessor - Devtools property defaults active! Set 'spring.devtools.add-properties' to 'false' to disable
2020-11-28 19:41:42.054 [restartedMain] INFO  o.s.b.d.env.DevToolsPropertyDefaultsPostProcessor - For additional web related logging consider setting the 'logging.level.web' property to 'DEBUG'
2020-11-28 19:41:43.734 [restartedMain] INFO  o.s.boot.web.embedded.tomcat.TomcatWebServer - Tomcat initialized with port(s): 5678 (http)
2020-11-28 19:41:43.754 [restartedMain] INFO  org.apache.catalina.core.StandardService - Starting service [Tomcat]
2020-11-28 19:41:43.754 [restartedMain] INFO  org.apache.catalina.core.StandardEngine - Starting Servlet engine: [Apache Tomcat/9.0.39]
2020-11-28 19:41:43.844 [restartedMain] INFO  o.a.c.c.C.[Tomcat].[localhost].[/salary] - Initializing Spring embedded WebApplicationContext
2020-11-28 19:41:43.844 [restartedMain] INFO  o.s.b.w.s.c.ServletWebServerApplicationContext - Root WebApplicationContext: initialization completed in 1789 ms
2020-11-28 19:41:43.924 [restartedMain] INFO  c.a.d.s.b.a.DruidDataSourceAutoConfigure - Init DruidDataSource
2020-11-28 19:41:51.325 [restartedMain] INFO  com.alibaba.druid.pool.DruidDataSource - {dataSource-1} inited
2020-11-28 19:41:52.024 [restartedMain] INFO  o.s.security.web.DefaultSecurityFilterChain - Creating filter chain: Ant [pattern='/forget'], []
2020-11-28 19:41:52.024 [restartedMain] INFO  o.s.security.web.DefaultSecurityFilterChain - Creating filter chain: Ant [pattern='/sendmail'], []
2020-11-28 19:41:52.089 [restartedMain] INFO  o.s.security.web.DefaultSecurityFilterChain - Creating filter chain: any request, [org.springframework.security.web.context.request.async.WebAsyncManagerIntegrationFilter@31963b0c, org.springframework.security.web.context.SecurityContextPersistenceFilter@bbd2b88, org.springframework.security.web.header.HeaderWriterFilter@3c8e1fef, org.springframework.web.filter.CorsFilter@77163599, org.springframework.security.web.authentication.logout.LogoutFilter@7cdbb11e, com.salary.security.TokenAuthenticationFilter@7088b9d0, org.springframework.security.web.authentication.UsernamePasswordAuthenticationFilter@64f17908, org.springframework.security.web.authentication.ui.DefaultLoginPageGeneratingFilter@8ff938a, org.springframework.security.web.authentication.ui.DefaultLogoutPageGeneratingFilter@7ef41a39, org.springframework.security.web.authentication.www.BasicAuthenticationFilter@728a2c3, org.springframework.security.web.savedrequest.RequestCacheAwareFilter@3457a33b, org.springframework.security.web.servletapi.SecurityContextHolderAwareRequestFilter@61f9fbda, org.springframework.security.web.authentication.AnonymousAuthenticationFilter@6c83878e, org.springframework.security.web.session.SessionManagementFilter@118b9fb8, org.springframework.security.web.access.ExceptionTranslationFilter@3119455f, org.springframework.security.web.access.intercept.FilterSecurityInterceptor@4159e14]
2020-11-28 19:41:52.224 [restartedMain] INFO  o.s.scheduling.concurrent.ThreadPoolTaskExecutor - Initializing ExecutorService 'applicationTaskExecutor'
2020-11-28 19:41:52.484 [restartedMain] WARN  o.s.b.a.freemarker.FreeMarkerAutoConfiguration - Cannot find template location(s): [classpath:/templates/] (please add some templates, check your FreeMarker configuration, or set spring.freemarker.checkTemplateLocation=false)
2020-11-28 19:41:52.554 [restartedMain] INFO  o.s.b.d.autoconfigure.OptionalLiveReloadServer - LiveReload server is running on port 35729
2020-11-28 19:41:52.629 [restartedMain] INFO  o.s.boot.web.embedded.tomcat.TomcatWebServer - Tomcat started on port(s): 5678 (http) with context path '/salary'
2020-11-28 19:41:52.634 [restartedMain] INFO  com.salary.TenthTeamApplication - Started TenthTeamApplication in 11.32 seconds (JVM running for 12.413)
2020-11-28 19:42:01.499 [http-nio-5678-exec-3] INFO  o.a.c.c.C.[Tomcat].[localhost].[/salary] - Initializing Spring DispatcherServlet 'dispatcherServlet'
2020-11-28 19:42:01.499 [http-nio-5678-exec-3] INFO  org.springframework.web.servlet.DispatcherServlet - Initializing Servlet 'dispatcherServlet'
2020-11-28 19:42:01.507 [http-nio-5678-exec-3] INFO  org.springframework.web.servlet.DispatcherServlet - Completed initialization in 7 ms
2020-11-28 19:43:00.414 [Thread-6] INFO  o.s.scheduling.concurrent.ThreadPoolTaskExecutor - Shutting down ExecutorService 'applicationTaskExecutor'
2020-11-28 19:43:00.424 [Thread-6] INFO  com.alibaba.druid.pool.DruidDataSource - {dataSource-1} closed
2020-11-28 19:43:00.529 [restartedMain] INFO  com.salary.TenthTeamApplication - Starting TenthTeamApplication on LAPTOP-D6AL548I with PID 1276 (D:\Java\JavaProjects\salary\target\classes started by 刘以强 in D:\Java\JavaProjects\salary)
2020-11-28 19:43:00.529 [restartedMain] INFO  com.salary.TenthTeamApplication - The following profiles are active: prod
2020-11-28 19:43:01.034 [restartedMain] INFO  o.s.boot.web.embedded.tomcat.TomcatWebServer - Tomcat initialized with port(s): 5678 (http)
2020-11-28 19:43:01.034 [restartedMain] INFO  org.apache.catalina.core.StandardService - Starting service [Tomcat]
2020-11-28 19:43:01.034 [restartedMain] INFO  org.apache.catalina.core.StandardEngine - Starting Servlet engine: [Apache Tomcat/9.0.39]
2020-11-28 19:43:01.059 [restartedMain] INFO  o.a.c.c.C.[Tomcat].[localhost].[/salary] - Initializing Spring embedded WebApplicationContext
2020-11-28 19:43:01.059 [restartedMain] INFO  o.s.b.w.s.c.ServletWebServerApplicationContext - Root WebApplicationContext: initialization completed in 525 ms
2020-11-28 19:43:01.084 [restartedMain] INFO  c.a.d.s.b.a.DruidDataSourceAutoConfigure - Init DruidDataSource
2020-11-28 19:43:07.704 [restartedMain] INFO  com.alibaba.druid.pool.DruidDataSource - {dataSource-2} inited
2020-11-28 19:43:07.913 [restartedMain] WARN  o.a.c.c.C.[Tomcat].[localhost].[/salary] - Cannot deserialize session attribute [SPRING_SECURITY_CONTEXT] for session [61786D3E006FEB9E7A7780A268CD27F8]
2020-11-28 19:43:07.988 [restartedMain] WARN  o.s.b.w.s.c.AnnotationConfigServletWebServerApplicationContext - Exception encountered during context initialization - cancelling refresh attempt: org.springframework.beans.factory.UnsatisfiedDependencyException: Error creating bean with name 'webSecurityConfig': Unsatisfied dependency expressed through field 'userAuthenticationSuccessHandler'; nested exception is org.springframework.beans.factory.NoSuchBeanDefinitionException: No qualifying bean of type 'com.salary.security.UserAuthenticationSuccessHandler' available: expected at least 1 bean which qualifies as autowire candidate. Dependency annotations: {@org.springframework.beans.factory.annotation.Autowired(required=true)}
2020-11-28 19:43:07.997 [restartedMain] INFO  com.alibaba.druid.pool.DruidDataSource - {dataSource-2} closed
2020-11-28 19:43:07.998 [restartedMain] INFO  org.apache.catalina.core.StandardService - Stopping service [Tomcat]
2020-11-28 19:43:08.010 [restartedMain] INFO  o.s.b.a.l.ConditionEvaluationReportLoggingListener - 

Error starting ApplicationContext. To display the conditions report re-run your application with 'debug' enabled.
2020-11-28 19:43:08.226 [restartedMain] ERROR o.s.b.diagnostics.LoggingFailureAnalysisReporter - 

***************************
APPLICATION FAILED TO START
***************************

Description:

Field userAuthenticationSuccessHandler in com.salary.security.WebSecurityConfig required a bean of type 'com.salary.security.UserAuthenticationSuccessHandler' that could not be found.

The injection point has the following annotations:
	- @org.springframework.beans.factory.annotation.Autowired(required=true)


Action:

Consider defining a bean of type 'com.salary.security.UserAuthenticationSuccessHandler' in your configuration.

2020-11-28 19:43:19.429 [restartedMain] INFO  com.salary.TenthTeamApplication - Starting TenthTeamApplication on LAPTOP-D6AL548I with PID 15568 (D:\Java\JavaProjects\salary\target\classes started by 刘以强 in D:\Java\JavaProjects\salary)
2020-11-28 19:43:19.429 [restartedMain] INFO  com.salary.TenthTeamApplication - The following profiles are active: prod
2020-11-28 19:43:19.496 [restartedMain] INFO  o.s.boot.devtools.restart.ChangeableUrls - The Class-Path manifest attribute in D:\maven\repository\com\sun\xml\bind\jaxb-impl\2.3.0\jaxb-impl-2.3.0.jar referenced one or more files that do not exist: file:/D:/maven/repository/com/sun/xml/bind/jaxb-impl/2.3.0/jaxb-core.jar
2020-11-28 19:43:19.496 [restartedMain] INFO  o.s.boot.devtools.restart.ChangeableUrls - The Class-Path manifest attribute in D:\maven\repository\com\sun\xml\bind\jaxb-core\2.3.0\jaxb-core-2.3.0.jar referenced one or more files that do not exist: file:/D:/maven/repository/com/sun/xml/bind/jaxb-core/2.3.0/jaxb-api.jar
2020-11-28 19:43:19.496 [restartedMain] INFO  o.s.b.d.env.DevToolsPropertyDefaultsPostProcessor - Devtools property defaults active! Set 'spring.devtools.add-properties' to 'false' to disable
2020-11-28 19:43:19.496 [restartedMain] INFO  o.s.b.d.env.DevToolsPropertyDefaultsPostProcessor - For additional web related logging consider setting the 'logging.level.web' property to 'DEBUG'
2020-11-28 19:43:20.934 [restartedMain] INFO  o.s.boot.web.embedded.tomcat.TomcatWebServer - Tomcat initialized with port(s): 5678 (http)
2020-11-28 19:43:20.954 [restartedMain] INFO  org.apache.catalina.core.StandardService - Starting service [Tomcat]
2020-11-28 19:43:20.954 [restartedMain] INFO  org.apache.catalina.core.StandardEngine - Starting Servlet engine: [Apache Tomcat/9.0.39]
2020-11-28 19:43:21.054 [restartedMain] INFO  o.a.c.c.C.[Tomcat].[localhost].[/salary] - Initializing Spring embedded WebApplicationContext
2020-11-28 19:43:21.054 [restartedMain] INFO  o.s.b.w.s.c.ServletWebServerApplicationContext - Root WebApplicationContext: initialization completed in 1555 ms
2020-11-28 19:43:21.124 [restartedMain] INFO  c.a.d.s.b.a.DruidDataSourceAutoConfigure - Init DruidDataSource
2020-11-28 19:43:28.302 [restartedMain] INFO  com.alibaba.druid.pool.DruidDataSource - {dataSource-1} inited
2020-11-28 19:43:28.939 [restartedMain] INFO  o.s.security.web.DefaultSecurityFilterChain - Creating filter chain: Ant [pattern='/forget'], []
2020-11-28 19:43:28.940 [restartedMain] INFO  o.s.security.web.DefaultSecurityFilterChain - Creating filter chain: Ant [pattern='/sendmail'], []
2020-11-28 19:43:29.004 [restartedMain] INFO  o.s.security.web.DefaultSecurityFilterChain - Creating filter chain: any request, [org.springframework.security.web.context.request.async.WebAsyncManagerIntegrationFilter@7f99e47f, org.springframework.security.web.context.SecurityContextPersistenceFilter@182bd896, org.springframework.security.web.header.HeaderWriterFilter@7ab49cf, org.springframework.web.filter.CorsFilter@4ad30318, org.springframework.security.web.authentication.logout.LogoutFilter@227c1828, com.salary.security.TokenAuthenticationFilter@12a61b07, org.springframework.security.web.authentication.UsernamePasswordAuthenticationFilter@5977cd3e, org.springframework.security.web.authentication.ui.DefaultLoginPageGeneratingFilter@e776877, org.springframework.security.web.authentication.ui.DefaultLogoutPageGeneratingFilter@54375ee8, org.springframework.security.web.authentication.www.BasicAuthenticationFilter@59f5d965, org.springframework.security.web.savedrequest.RequestCacheAwareFilter@5a753420, org.springframework.security.web.servletapi.SecurityContextHolderAwareRequestFilter@1ebe31a4, org.springframework.security.web.authentication.AnonymousAuthenticationFilter@5bb88160, org.springframework.security.web.session.SessionManagementFilter@43adaeb4, org.springframework.security.web.access.ExceptionTranslationFilter@87f4f6a, org.springframework.security.web.access.intercept.FilterSecurityInterceptor@150f0178]
2020-11-28 19:43:29.156 [restartedMain] INFO  o.s.scheduling.concurrent.ThreadPoolTaskExecutor - Initializing ExecutorService 'applicationTaskExecutor'
2020-11-28 19:43:29.438 [restartedMain] WARN  o.s.b.a.freemarker.FreeMarkerAutoConfiguration - Cannot find template location(s): [classpath:/templates/] (please add some templates, check your FreeMarker configuration, or set spring.freemarker.checkTemplateLocation=false)
2020-11-28 19:43:29.511 [restartedMain] INFO  o.s.b.d.autoconfigure.OptionalLiveReloadServer - LiveReload server is running on port 35729
2020-11-28 19:43:29.582 [restartedMain] INFO  o.s.boot.web.embedded.tomcat.TomcatWebServer - Tomcat started on port(s): 5678 (http) with context path '/salary'
2020-11-28 19:43:29.595 [restartedMain] INFO  com.salary.TenthTeamApplication - Started TenthTeamApplication in 10.79 seconds (JVM running for 11.91)
2020-11-28 19:43:29.683 [http-nio-5678-exec-1] INFO  o.a.c.c.C.[Tomcat].[localhost].[/salary] - Initializing Spring DispatcherServlet 'dispatcherServlet'
2020-11-28 19:43:29.683 [http-nio-5678-exec-1] INFO  org.springframework.web.servlet.DispatcherServlet - Initializing Servlet 'dispatcherServlet'
2020-11-28 19:43:29.692 [http-nio-5678-exec-1] INFO  org.springframework.web.servlet.DispatcherServlet - Completed initialization in 9 ms
2020-11-28 19:56:58.549 [restartedMain] INFO  com.salary.TenthTeamApplication - Starting TenthTeamApplication on LAPTOP-D6AL548I with PID 7280 (D:\Java\JavaProjects\salary\target\classes started by 刘以强 in D:\Java\JavaProjects\salary)
2020-11-28 19:56:58.552 [restartedMain] INFO  com.salary.TenthTeamApplication - The following profiles are active: prod
2020-11-28 19:56:58.630 [restartedMain] INFO  o.s.boot.devtools.restart.ChangeableUrls - The Class-Path manifest attribute in D:\maven\repository\com\sun\xml\bind\jaxb-impl\2.3.0\jaxb-impl-2.3.0.jar referenced one or more files that do not exist: file:/D:/maven/repository/com/sun/xml/bind/jaxb-impl/2.3.0/jaxb-core.jar
2020-11-28 19:56:58.630 [restartedMain] INFO  o.s.boot.devtools.restart.ChangeableUrls - The Class-Path manifest attribute in D:\maven\repository\com\sun\xml\bind\jaxb-core\2.3.0\jaxb-core-2.3.0.jar referenced one or more files that do not exist: file:/D:/maven/repository/com/sun/xml/bind/jaxb-core/2.3.0/jaxb-api.jar
2020-11-28 19:56:58.630 [restartedMain] INFO  o.s.b.d.env.DevToolsPropertyDefaultsPostProcessor - Devtools property defaults active! Set 'spring.devtools.add-properties' to 'false' to disable
2020-11-28 19:56:58.631 [restartedMain] INFO  o.s.b.d.env.DevToolsPropertyDefaultsPostProcessor - For additional web related logging consider setting the 'logging.level.web' property to 'DEBUG'
2020-11-28 19:57:00.115 [restartedMain] INFO  o.s.boot.web.embedded.tomcat.TomcatWebServer - Tomcat initialized with port(s): 5678 (http)
2020-11-28 19:57:00.125 [restartedMain] INFO  org.apache.catalina.core.StandardService - Starting service [Tomcat]
2020-11-28 19:57:00.125 [restartedMain] INFO  org.apache.catalina.core.StandardEngine - Starting Servlet engine: [Apache Tomcat/9.0.39]
2020-11-28 19:57:00.227 [restartedMain] INFO  o.a.c.c.C.[Tomcat].[localhost].[/salary] - Initializing Spring embedded WebApplicationContext
2020-11-28 19:57:00.227 [restartedMain] INFO  o.s.b.w.s.c.ServletWebServerApplicationContext - Root WebApplicationContext: initialization completed in 1595 ms
2020-11-28 19:57:00.299 [restartedMain] INFO  c.a.d.s.b.a.DruidDataSourceAutoConfigure - Init DruidDataSource
2020-11-28 19:57:08.003 [restartedMain] INFO  com.alibaba.druid.pool.DruidDataSource - {dataSource-1} inited
2020-11-28 19:57:08.753 [restartedMain] INFO  o.s.security.web.DefaultSecurityFilterChain - Creating filter chain: Ant [pattern='/forget'], []
2020-11-28 19:57:08.753 [restartedMain] INFO  o.s.security.web.DefaultSecurityFilterChain - Creating filter chain: Ant [pattern='/sendmail'], []
2020-11-28 19:57:08.818 [restartedMain] INFO  o.s.security.web.DefaultSecurityFilterChain - Creating filter chain: any request, [org.springframework.security.web.context.request.async.WebAsyncManagerIntegrationFilter@22582649, org.springframework.security.web.context.SecurityContextPersistenceFilter@87f4f6a, org.springframework.security.web.header.HeaderWriterFilter@581d9eec, org.springframework.web.filter.CorsFilter@4acff3c5, org.springframework.security.web.authentication.logout.LogoutFilter@3a9e6cc, com.salary.security.TokenAuthenticationFilter@5d1b13b6, org.springframework.security.web.authentication.UsernamePasswordAuthenticationFilter@2fdd6a4, org.springframework.security.web.authentication.ui.DefaultLoginPageGeneratingFilter@341cd423, org.springframework.security.web.authentication.ui.DefaultLogoutPageGeneratingFilter@4f59755c, org.springframework.security.web.authentication.www.BasicAuthenticationFilter@417ffea1, org.springframework.security.web.savedrequest.RequestCacheAwareFilter@7ab49cf, org.springframework.security.web.servletapi.SecurityContextHolderAwareRequestFilter@591b7b2e, org.springframework.security.web.authentication.AnonymousAuthenticationFilter@2d830f83, org.springframework.security.web.session.SessionManagementFilter@326ee50e, org.springframework.security.web.access.ExceptionTranslationFilter@4c22f871, org.springframework.security.web.access.intercept.FilterSecurityInterceptor@5bc32ced]
2020-11-28 19:57:08.968 [restartedMain] INFO  o.s.scheduling.concurrent.ThreadPoolTaskExecutor - Initializing ExecutorService 'applicationTaskExecutor'
2020-11-28 19:57:09.243 [restartedMain] WARN  o.s.b.a.freemarker.FreeMarkerAutoConfiguration - Cannot find template location(s): [classpath:/templates/] (please add some templates, check your FreeMarker configuration, or set spring.freemarker.checkTemplateLocation=false)
2020-11-28 19:57:09.318 [restartedMain] INFO  o.s.b.d.autoconfigure.OptionalLiveReloadServer - LiveReload server is running on port 35729
2020-11-28 19:57:09.398 [restartedMain] INFO  o.s.boot.web.embedded.tomcat.TomcatWebServer - Tomcat started on port(s): 5678 (http) with context path '/salary'
2020-11-28 19:57:09.413 [restartedMain] INFO  com.salary.TenthTeamApplication - Started TenthTeamApplication in 11.513 seconds (JVM running for 12.59)
2020-11-28 19:57:10.509 [http-nio-5678-exec-1] INFO  o.a.c.c.C.[Tomcat].[localhost].[/salary] - Initializing Spring DispatcherServlet 'dispatcherServlet'
2020-11-28 19:57:10.510 [http-nio-5678-exec-1] INFO  org.springframework.web.servlet.DispatcherServlet - Initializing Servlet 'dispatcherServlet'
2020-11-28 19:57:10.518 [http-nio-5678-exec-1] INFO  org.springframework.web.servlet.DispatcherServlet - Completed initialization in 8 ms
2020-11-28 19:57:11.052 [http-nio-5678-exec-1] ERROR o.s.s.w.a.UsernamePasswordAuthenticationFilter - An internal error occurred while trying to authenticate the user.
org.springframework.security.authentication.InternalAuthenticationServiceException: 
### Error querying database.  Cause: java.sql.SQLIntegrityConstraintViolationException: Column 'name' in field list is ambiguous
### The error may exist in com/salary/mapper/UserMapper.xml
### The error may involve com.salary.mapper.UserMapper.selectByPrimaryKey-Inline
### The error occurred while setting parameters
### SQL: select u.id     uid,                d.id     did,                depart_name,                r.id     rid,                r.name   rname,                r.nameZh rnameZh,                position,                name,                email,                phone,                psd,                work_year,                user_flag,                gender         from user u,              department d,              user_role ur,              role r         where u.id = ?           and u.depart_id = d.id           and u.id = ur.user_id           and ur.role_id = r.id
### Cause: java.sql.SQLIntegrityConstraintViolationException: Column 'name' in field list is ambiguous
; Column 'name' in field list is ambiguous; nested exception is java.sql.SQLIntegrityConstraintViolationException: Column 'name' in field list is ambiguous
	at org.springframework.security.authentication.dao.DaoAuthenticationProvider.retrieveUser(DaoAuthenticationProvider.java:123)
	at org.springframework.security.authentication.dao.AbstractUserDetailsAuthenticationProvider.authenticate(AbstractUserDetailsAuthenticationProvider.java:144)
	at org.springframework.security.authentication.ProviderManager.authenticate(ProviderManager.java:199)
	at org.springframework.security.authentication.ProviderManager.authenticate(ProviderManager.java:219)
	at org.springframework.security.web.authentication.UsernamePasswordAuthenticationFilter.attemptAuthentication(UsernamePasswordAuthenticationFilter.java:95)
	at org.springframework.security.web.authentication.AbstractAuthenticationProcessingFilter.doFilter(AbstractAuthenticationProcessingFilter.java:212)
	at org.springframework.security.web.FilterChainProxy$VirtualFilterChain.doFilter(FilterChainProxy.java:334)
	at com.salary.security.TokenAuthenticationFilter.doFilterInternal(TokenAuthenticationFilter.java:32)
	at org.springframework.web.filter.OncePerRequestFilter.doFilter(OncePerRequestFilter.java:119)
	at org.springframework.security.web.FilterChainProxy$VirtualFilterChain.doFilter(FilterChainProxy.java:334)
	at org.springframework.security.web.authentication.logout.LogoutFilter.doFilter(LogoutFilter.java:116)
	at org.springframework.security.web.FilterChainProxy$VirtualFilterChain.doFilter(FilterChainProxy.java:334)
	at org.springframework.web.filter.CorsFilter.doFilterInternal(CorsFilter.java:92)
	at org.springframework.web.filter.OncePerRequestFilter.doFilter(OncePerRequestFilter.java:119)
	at org.springframework.security.web.FilterChainProxy$VirtualFilterChain.doFilter(FilterChainProxy.java:334)
	at org.springframework.security.web.header.HeaderWriterFilter.doHeadersAfter(HeaderWriterFilter.java:92)
	at org.springframework.security.web.header.HeaderWriterFilter.doFilterInternal(HeaderWriterFilter.java:77)
	at org.springframework.web.filter.OncePerRequestFilter.doFilter(OncePerRequestFilter.java:119)
	at org.springframework.security.web.FilterChainProxy$VirtualFilterChain.doFilter(FilterChainProxy.java:334)
	at org.springframework.security.web.context.SecurityContextPersistenceFilter.doFilter(SecurityContextPersistenceFilter.java:105)
	at org.springframework.security.web.FilterChainProxy$VirtualFilterChain.doFilter(FilterChainProxy.java:334)
	at org.springframework.security.web.context.request.async.WebAsyncManagerIntegrationFilter.doFilterInternal(WebAsyncManagerIntegrationFilter.java:56)
	at org.springframework.web.filter.OncePerRequestFilter.doFilter(OncePerRequestFilter.java:119)
	at org.springframework.security.web.FilterChainProxy$VirtualFilterChain.doFilter(FilterChainProxy.java:334)
	at org.springframework.security.web.FilterChainProxy.doFilterInternal(FilterChainProxy.java:215)
	at org.springframework.security.web.FilterChainProxy.doFilter(FilterChainProxy.java:178)
	at org.springframework.web.filter.DelegatingFilterProxy.invokeDelegate(DelegatingFilterProxy.java:358)
	at org.springframework.web.filter.DelegatingFilterProxy.doFilter(DelegatingFilterProxy.java:271)
	at org.apache.catalina.core.ApplicationFilterChain.internalDoFilter(ApplicationFilterChain.java:193)
	at org.apache.catalina.core.ApplicationFilterChain.doFilter(ApplicationFilterChain.java:166)
	at org.springframework.web.filter.RequestContextFilter.doFilterInternal(RequestContextFilter.java:100)
	at org.springframework.web.filter.OncePerRequestFilter.doFilter(OncePerRequestFilter.java:119)
	at org.apache.catalina.core.ApplicationFilterChain.internalDoFilter(ApplicationFilterChain.java:193)
	at org.apache.catalina.core.ApplicationFilterChain.doFilter(ApplicationFilterChain.java:166)
	at org.springframework.web.filter.FormContentFilter.doFilterInternal(FormContentFilter.java:93)
	at org.springframework.web.filter.OncePerRequestFilter.doFilter(OncePerRequestFilter.java:119)
	at org.apache.catalina.core.ApplicationFilterChain.internalDoFilter(ApplicationFilterChain.java:193)
	at org.apache.catalina.core.ApplicationFilterChain.doFilter(ApplicationFilterChain.java:166)
	at org.springframework.web.filter.CharacterEncodingFilter.doFilterInternal(CharacterEncodingFilter.java:201)
	at org.springframework.web.filter.OncePerRequestFilter.doFilter(OncePerRequestFilter.java:119)
	at org.apache.catalina.core.ApplicationFilterChain.internalDoFilter(ApplicationFilterChain.java:193)
	at org.apache.catalina.core.ApplicationFilterChain.doFilter(ApplicationFilterChain.java:166)
	at org.apache.catalina.core.StandardWrapperValve.invoke(StandardWrapperValve.java:202)
	at org.apache.catalina.core.StandardContextValve.invoke(StandardContextValve.java:97)
	at org.apache.catalina.authenticator.AuthenticatorBase.invoke(AuthenticatorBase.java:542)
	at org.apache.catalina.core.StandardHostValve.invoke(StandardHostValve.java:143)
	at org.apache.catalina.valves.ErrorReportValve.invoke(ErrorReportValve.java:92)
	at org.apache.catalina.core.StandardEngineValve.invoke(StandardEngineValve.java:78)
	at org.apache.catalina.connector.CoyoteAdapter.service(CoyoteAdapter.java:343)
	at org.apache.coyote.http11.Http11Processor.service(Http11Processor.java:374)
	at org.apache.coyote.AbstractProcessorLight.process(AbstractProcessorLight.java:65)
	at org.apache.coyote.AbstractProtocol$ConnectionHandler.process(AbstractProtocol.java:868)
	at org.apache.tomcat.util.net.NioEndpoint$SocketProcessor.doRun(NioEndpoint.java:1590)
	at org.apache.tomcat.util.net.SocketProcessorBase.run(SocketProcessorBase.java:49)
	at java.base/java.util.concurrent.ThreadPoolExecutor.runWorker(ThreadPoolExecutor.java:1130)
	at java.base/java.util.concurrent.ThreadPoolExecutor$Worker.run(ThreadPoolExecutor.java:630)
	at org.apache.tomcat.util.threads.TaskThread$WrappingRunnable.run(TaskThread.java:61)
	at java.base/java.lang.Thread.run(Thread.java:832)
Caused by: org.springframework.dao.DataIntegrityViolationException: 
### Error querying database.  Cause: java.sql.SQLIntegrityConstraintViolationException: Column 'name' in field list is ambiguous
### The error may exist in com/salary/mapper/UserMapper.xml
### The error may involve com.salary.mapper.UserMapper.selectByPrimaryKey-Inline
### The error occurred while setting parameters
### SQL: select u.id     uid,                d.id     did,                depart_name,                r.id     rid,                r.name   rname,                r.nameZh rnameZh,                position,                name,                email,                phone,                psd,                work_year,                user_flag,                gender         from user u,              department d,              user_role ur,              role r         where u.id = ?           and u.depart_id = d.id           and u.id = ur.user_id           and ur.role_id = r.id
### Cause: java.sql.SQLIntegrityConstraintViolationException: Column 'name' in field list is ambiguous
; Column 'name' in field list is ambiguous; nested exception is java.sql.SQLIntegrityConstraintViolationException: Column 'name' in field list is ambiguous
	at org.springframework.jdbc.support.SQLExceptionSubclassTranslator.doTranslate(SQLExceptionSubclassTranslator.java:87)
	at org.springframework.jdbc.support.AbstractFallbackSQLExceptionTranslator.translate(AbstractFallbackSQLExceptionTranslator.java:72)
	at org.springframework.jdbc.support.AbstractFallbackSQLExceptionTranslator.translate(AbstractFallbackSQLExceptionTranslator.java:81)
	at org.mybatis.spring.MyBatisExceptionTranslator.translateExceptionIfPossible(MyBatisExceptionTranslator.java:88)
	at org.mybatis.spring.SqlSessionTemplate$SqlSessionInterceptor.invoke(SqlSessionTemplate.java:440)
	at com.sun.proxy.$Proxy63.selectOne(Unknown Source)
	at org.mybatis.spring.SqlSessionTemplate.selectOne(SqlSessionTemplate.java:159)
	at org.apache.ibatis.binding.MapperMethod.execute(MapperMethod.java:87)
	at org.apache.ibatis.binding.MapperProxy$PlainMethodInvoker.invoke(MapperProxy.java:152)
	at org.apache.ibatis.binding.MapperProxy.invoke(MapperProxy.java:85)
	at com.sun.proxy.$Proxy64.selectByPrimaryKey(Unknown Source)
	at java.base/jdk.internal.reflect.NativeMethodAccessorImpl.invoke0(Native Method)
	at java.base/jdk.internal.reflect.NativeMethodAccessorImpl.invoke(NativeMethodAccessorImpl.java:62)
	at java.base/jdk.internal.reflect.DelegatingMethodAccessorImpl.invoke(DelegatingMethodAccessorImpl.java:43)
	at java.base/java.lang.reflect.Method.invoke(Method.java:564)
	at org.springframework.aop.support.AopUtils.invokeJoinpointUsingReflection(AopUtils.java:344)
	at org.springframework.aop.framework.ReflectiveMethodInvocation.invokeJoinpoint(ReflectiveMethodInvocation.java:198)
	at org.springframework.aop.framework.ReflectiveMethodInvocation.proceed(ReflectiveMethodInvocation.java:163)
	at org.springframework.transaction.interceptor.TransactionAspectSupport.invokeWithinTransaction(TransactionAspectSupport.java:367)
	at org.springframework.transaction.interceptor.TransactionInterceptor.invoke(TransactionInterceptor.java:118)
	at org.springframework.aop.framework.ReflectiveMethodInvocation.proceed(ReflectiveMethodInvocation.java:186)
	at org.springframework.aop.framework.JdkDynamicAopProxy.invoke(JdkDynamicAopProxy.java:212)
	at com.sun.proxy.$Proxy65.selectByPrimaryKey(Unknown Source)
	at com.salary.service.UserService.loadUserByUsername(UserService.java:23)
	at org.springframework.security.authentication.dao.DaoAuthenticationProvider.retrieveUser(DaoAuthenticationProvider.java:108)
	... 57 common frames omitted
Caused by: java.sql.SQLIntegrityConstraintViolationException: Column 'name' in field list is ambiguous
	at com.mysql.cj.jdbc.exceptions.SQLError.createSQLException(SQLError.java:117)
	at com.mysql.cj.jdbc.exceptions.SQLError.createSQLException(SQLError.java:97)
	at com.mysql.cj.jdbc.exceptions.SQLExceptionsMapping.translateException(SQLExceptionsMapping.java:122)
	at com.mysql.cj.jdbc.ClientPreparedStatement.executeInternal(ClientPreparedStatement.java:953)
	at com.mysql.cj.jdbc.ClientPreparedStatement.execute(ClientPreparedStatement.java:370)
	at com.alibaba.druid.filter.FilterChainImpl.preparedStatement_execute(FilterChainImpl.java:3409)
	at com.alibaba.druid.wall.WallFilter.preparedStatement_execute(WallFilter.java:619)
	at com.alibaba.druid.filter.FilterChainImpl.preparedStatement_execute(FilterChainImpl.java:3407)
	at com.alibaba.druid.filter.FilterEventAdapter.preparedStatement_execute(FilterEventAdapter.java:440)
	at com.alibaba.druid.filter.FilterChainImpl.preparedStatement_execute(FilterChainImpl.java:3407)
	at com.alibaba.druid.proxy.jdbc.PreparedStatementProxyImpl.execute(PreparedStatementProxyImpl.java:167)
	at com.alibaba.druid.pool.DruidPooledPreparedStatement.execute(DruidPooledPreparedStatement.java:498)
	at java.base/jdk.internal.reflect.NativeMethodAccessorImpl.invoke0(Native Method)
	at java.base/jdk.internal.reflect.NativeMethodAccessorImpl.invoke(NativeMethodAccessorImpl.java:62)
	at java.base/jdk.internal.reflect.DelegatingMethodAccessorImpl.invoke(DelegatingMethodAccessorImpl.java:43)
	at java.base/java.lang.reflect.Method.invoke(Method.java:564)
	at org.apache.ibatis.logging.jdbc.PreparedStatementLogger.invoke(PreparedStatementLogger.java:59)
	at com.sun.proxy.$Proxy95.execute(Unknown Source)
	at org.apache.ibatis.executor.statement.PreparedStatementHandler.query(PreparedStatementHandler.java:64)
	at org.apache.ibatis.executor.statement.RoutingStatementHandler.query(RoutingStatementHandler.java:79)
	at org.apache.ibatis.executor.SimpleExecutor.doQuery(SimpleExecutor.java:63)
	at org.apache.ibatis.executor.BaseExecutor.queryFromDatabase(BaseExecutor.java:325)
	at org.apache.ibatis.executor.BaseExecutor.query(BaseExecutor.java:156)
	at org.apache.ibatis.executor.CachingExecutor.query(CachingExecutor.java:109)
	at com.github.pagehelper.PageInterceptor.intercept(PageInterceptor.java:108)
	at org.apache.ibatis.plugin.Plugin.invoke(Plugin.java:61)
	at com.sun.proxy.$Proxy93.query(Unknown Source)
	at org.apache.ibatis.session.defaults.DefaultSqlSession.selectList(DefaultSqlSession.java:147)
	at org.apache.ibatis.session.defaults.DefaultSqlSession.selectList(DefaultSqlSession.java:140)
	at org.apache.ibatis.session.defaults.DefaultSqlSession.selectOne(DefaultSqlSession.java:76)
	at java.base/jdk.internal.reflect.NativeMethodAccessorImpl.invoke0(Native Method)
	at java.base/jdk.internal.reflect.NativeMethodAccessorImpl.invoke(NativeMethodAccessorImpl.java:62)
	at java.base/jdk.internal.reflect.DelegatingMethodAccessorImpl.invoke(DelegatingMethodAccessorImpl.java:43)
	at java.base/java.lang.reflect.Method.invoke(Method.java:564)
	at org.mybatis.spring.SqlSessionTemplate$SqlSessionInterceptor.invoke(SqlSessionTemplate.java:426)
	... 77 common frames omitted
2020-11-28 19:58:12.132 [restartedMain] INFO  com.salary.TenthTeamApplication - Starting TenthTeamApplication on LAPTOP-D6AL548I with PID 5948 (D:\Java\JavaProjects\salary\target\classes started by 刘以强 in D:\Java\JavaProjects\salary)
2020-11-28 19:58:12.133 [restartedMain] INFO  com.salary.TenthTeamApplication - The following profiles are active: prod
2020-11-28 19:58:12.193 [restartedMain] INFO  o.s.boot.devtools.restart.ChangeableUrls - The Class-Path manifest attribute in D:\maven\repository\com\sun\xml\bind\jaxb-impl\2.3.0\jaxb-impl-2.3.0.jar referenced one or more files that do not exist: file:/D:/maven/repository/com/sun/xml/bind/jaxb-impl/2.3.0/jaxb-core.jar
2020-11-28 19:58:12.193 [restartedMain] INFO  o.s.boot.devtools.restart.ChangeableUrls - The Class-Path manifest attribute in D:\maven\repository\com\sun\xml\bind\jaxb-core\2.3.0\jaxb-core-2.3.0.jar referenced one or more files that do not exist: file:/D:/maven/repository/com/sun/xml/bind/jaxb-core/2.3.0/jaxb-api.jar
2020-11-28 19:58:12.193 [restartedMain] INFO  o.s.b.d.env.DevToolsPropertyDefaultsPostProcessor - Devtools property defaults active! Set 'spring.devtools.add-properties' to 'false' to disable
2020-11-28 19:58:12.193 [restartedMain] INFO  o.s.b.d.env.DevToolsPropertyDefaultsPostProcessor - For additional web related logging consider setting the 'logging.level.web' property to 'DEBUG'
2020-11-28 19:58:13.698 [restartedMain] INFO  o.s.boot.web.embedded.tomcat.TomcatWebServer - Tomcat initialized with port(s): 5678 (http)
2020-11-28 19:58:13.708 [restartedMain] INFO  org.apache.catalina.core.StandardService - Starting service [Tomcat]
2020-11-28 19:58:13.708 [restartedMain] INFO  org.apache.catalina.core.StandardEngine - Starting Servlet engine: [Apache Tomcat/9.0.39]
2020-11-28 19:58:13.808 [restartedMain] INFO  o.a.c.c.C.[Tomcat].[localhost].[/salary] - Initializing Spring embedded WebApplicationContext
2020-11-28 19:58:13.808 [restartedMain] INFO  o.s.b.w.s.c.ServletWebServerApplicationContext - Root WebApplicationContext: initialization completed in 1615 ms
2020-11-28 19:58:13.873 [restartedMain] INFO  c.a.d.s.b.a.DruidDataSourceAutoConfigure - Init DruidDataSource
2020-11-28 19:58:21.553 [restartedMain] INFO  com.alibaba.druid.pool.DruidDataSource - {dataSource-1} inited
2020-11-28 19:58:22.183 [restartedMain] INFO  o.s.security.web.DefaultSecurityFilterChain - Creating filter chain: Ant [pattern='/forget'], []
2020-11-28 19:58:22.183 [restartedMain] INFO  o.s.security.web.DefaultSecurityFilterChain - Creating filter chain: Ant [pattern='/sendmail'], []
2020-11-28 19:58:22.233 [restartedMain] INFO  o.s.security.web.DefaultSecurityFilterChain - Creating filter chain: any request, [org.springframework.security.web.context.request.async.WebAsyncManagerIntegrationFilter@3b33fe02, org.springframework.security.web.context.SecurityContextPersistenceFilter@5e8d1812, org.springframework.security.web.header.HeaderWriterFilter@33b5acb4, org.springframework.web.filter.CorsFilter@6bff7a75, org.springframework.security.web.authentication.logout.LogoutFilter@64d3ceec, com.salary.security.TokenAuthenticationFilter@39da7cbe, org.springframework.security.web.authentication.UsernamePasswordAuthenticationFilter@d985329, org.springframework.security.web.authentication.ui.DefaultLoginPageGeneratingFilter@466e3261, org.springframework.security.web.authentication.ui.DefaultLogoutPageGeneratingFilter@4181a587, org.springframework.security.web.authentication.www.BasicAuthenticationFilter@3b621181, org.springframework.security.web.savedrequest.RequestCacheAwareFilter@6b6a63b4, org.springframework.security.web.servletapi.SecurityContextHolderAwareRequestFilter@5d50797f, org.springframework.security.web.authentication.AnonymousAuthenticationFilter@71fa1d1f, org.springframework.security.web.session.SessionManagementFilter@4d747987, org.springframework.security.web.access.ExceptionTranslationFilter@1bb07db1, org.springframework.security.web.access.intercept.FilterSecurityInterceptor@a2483c5]
2020-11-28 19:58:22.393 [restartedMain] INFO  o.s.scheduling.concurrent.ThreadPoolTaskExecutor - Initializing ExecutorService 'applicationTaskExecutor'
2020-11-28 19:58:22.701 [restartedMain] WARN  o.s.b.a.freemarker.FreeMarkerAutoConfiguration - Cannot find template location(s): [classpath:/templates/] (please add some templates, check your FreeMarker configuration, or set spring.freemarker.checkTemplateLocation=false)
2020-11-28 19:58:22.782 [restartedMain] INFO  o.s.b.d.autoconfigure.OptionalLiveReloadServer - LiveReload server is running on port 35729
2020-11-28 19:58:22.875 [restartedMain] INFO  o.s.boot.web.embedded.tomcat.TomcatWebServer - Tomcat started on port(s): 5678 (http) with context path '/salary'
2020-11-28 19:58:22.891 [restartedMain] INFO  com.salary.TenthTeamApplication - Started TenthTeamApplication in 11.354 seconds (JVM running for 12.28)
2020-11-28 19:58:23.080 [http-nio-5678-exec-1] INFO  o.a.c.c.C.[Tomcat].[localhost].[/salary] - Initializing Spring DispatcherServlet 'dispatcherServlet'
2020-11-28 19:58:23.081 [http-nio-5678-exec-1] INFO  org.springframework.web.servlet.DispatcherServlet - Initializing Servlet 'dispatcherServlet'
2020-11-28 19:58:23.095 [http-nio-5678-exec-1] INFO  org.springframework.web.servlet.DispatcherServlet - Completed initialization in 9 ms
2020-11-28 19:58:23.633 [http-nio-5678-exec-1] ERROR o.s.s.w.a.UsernamePasswordAuthenticationFilter - An internal error occurred while trying to authenticate the user.
org.springframework.security.authentication.InternalAuthenticationServiceException: nested exception is org.apache.ibatis.reflection.ReflectionException: Could not set property 'roles' of 'class com.salary.model.User' with value 'Role(id=4, name=ROLE_sysadmin, nameZh=系统管理员)' Cause: java.lang.IllegalArgumentException: argument type mismatch
	at org.springframework.security.authentication.dao.DaoAuthenticationProvider.retrieveUser(DaoAuthenticationProvider.java:123)
	at org.springframework.security.authentication.dao.AbstractUserDetailsAuthenticationProvider.authenticate(AbstractUserDetailsAuthenticationProvider.java:144)
	at org.springframework.security.authentication.ProviderManager.authenticate(ProviderManager.java:199)
	at org.springframework.security.authentication.ProviderManager.authenticate(ProviderManager.java:219)
	at org.springframework.security.web.authentication.UsernamePasswordAuthenticationFilter.attemptAuthentication(UsernamePasswordAuthenticationFilter.java:95)
	at org.springframework.security.web.authentication.AbstractAuthenticationProcessingFilter.doFilter(AbstractAuthenticationProcessingFilter.java:212)
	at org.springframework.security.web.FilterChainProxy$VirtualFilterChain.doFilter(FilterChainProxy.java:334)
	at com.salary.security.TokenAuthenticationFilter.doFilterInternal(TokenAuthenticationFilter.java:32)
	at org.springframework.web.filter.OncePerRequestFilter.doFilter(OncePerRequestFilter.java:119)
	at org.springframework.security.web.FilterChainProxy$VirtualFilterChain.doFilter(FilterChainProxy.java:334)
	at org.springframework.security.web.authentication.logout.LogoutFilter.doFilter(LogoutFilter.java:116)
	at org.springframework.security.web.FilterChainProxy$VirtualFilterChain.doFilter(FilterChainProxy.java:334)
	at org.springframework.web.filter.CorsFilter.doFilterInternal(CorsFilter.java:92)
	at org.springframework.web.filter.OncePerRequestFilter.doFilter(OncePerRequestFilter.java:119)
	at org.springframework.security.web.FilterChainProxy$VirtualFilterChain.doFilter(FilterChainProxy.java:334)
	at org.springframework.security.web.header.HeaderWriterFilter.doHeadersAfter(HeaderWriterFilter.java:92)
	at org.springframework.security.web.header.HeaderWriterFilter.doFilterInternal(HeaderWriterFilter.java:77)
	at org.springframework.web.filter.OncePerRequestFilter.doFilter(OncePerRequestFilter.java:119)
	at org.springframework.security.web.FilterChainProxy$VirtualFilterChain.doFilter(FilterChainProxy.java:334)
	at org.springframework.security.web.context.SecurityContextPersistenceFilter.doFilter(SecurityContextPersistenceFilter.java:105)
	at org.springframework.security.web.FilterChainProxy$VirtualFilterChain.doFilter(FilterChainProxy.java:334)
	at org.springframework.security.web.context.request.async.WebAsyncManagerIntegrationFilter.doFilterInternal(WebAsyncManagerIntegrationFilter.java:56)
	at org.springframework.web.filter.OncePerRequestFilter.doFilter(OncePerRequestFilter.java:119)
	at org.springframework.security.web.FilterChainProxy$VirtualFilterChain.doFilter(FilterChainProxy.java:334)
	at org.springframework.security.web.FilterChainProxy.doFilterInternal(FilterChainProxy.java:215)
	at org.springframework.security.web.FilterChainProxy.doFilter(FilterChainProxy.java:178)
	at org.springframework.web.filter.DelegatingFilterProxy.invokeDelegate(DelegatingFilterProxy.java:358)
	at org.springframework.web.filter.DelegatingFilterProxy.doFilter(DelegatingFilterProxy.java:271)
	at org.apache.catalina.core.ApplicationFilterChain.internalDoFilter(ApplicationFilterChain.java:193)
	at org.apache.catalina.core.ApplicationFilterChain.doFilter(ApplicationFilterChain.java:166)
	at org.springframework.web.filter.RequestContextFilter.doFilterInternal(RequestContextFilter.java:100)
	at org.springframework.web.filter.OncePerRequestFilter.doFilter(OncePerRequestFilter.java:119)
	at org.apache.catalina.core.ApplicationFilterChain.internalDoFilter(ApplicationFilterChain.java:193)
	at org.apache.catalina.core.ApplicationFilterChain.doFilter(ApplicationFilterChain.java:166)
	at org.springframework.web.filter.FormContentFilter.doFilterInternal(FormContentFilter.java:93)
	at org.springframework.web.filter.OncePerRequestFilter.doFilter(OncePerRequestFilter.java:119)
	at org.apache.catalina.core.ApplicationFilterChain.internalDoFilter(ApplicationFilterChain.java:193)
	at org.apache.catalina.core.ApplicationFilterChain.doFilter(ApplicationFilterChain.java:166)
	at org.springframework.web.filter.CharacterEncodingFilter.doFilterInternal(CharacterEncodingFilter.java:201)
	at org.springframework.web.filter.OncePerRequestFilter.doFilter(OncePerRequestFilter.java:119)
	at org.apache.catalina.core.ApplicationFilterChain.internalDoFilter(ApplicationFilterChain.java:193)
	at org.apache.catalina.core.ApplicationFilterChain.doFilter(ApplicationFilterChain.java:166)
	at org.apache.catalina.core.StandardWrapperValve.invoke(StandardWrapperValve.java:202)
	at org.apache.catalina.core.StandardContextValve.invoke(StandardContextValve.java:97)
	at org.apache.catalina.authenticator.AuthenticatorBase.invoke(AuthenticatorBase.java:542)
	at org.apache.catalina.core.StandardHostValve.invoke(StandardHostValve.java:143)
	at org.apache.catalina.valves.ErrorReportValve.invoke(ErrorReportValve.java:92)
	at org.apache.catalina.core.StandardEngineValve.invoke(StandardEngineValve.java:78)
	at org.apache.catalina.connector.CoyoteAdapter.service(CoyoteAdapter.java:343)
	at org.apache.coyote.http11.Http11Processor.service(Http11Processor.java:374)
	at org.apache.coyote.AbstractProcessorLight.process(AbstractProcessorLight.java:65)
	at org.apache.coyote.AbstractProtocol$ConnectionHandler.process(AbstractProtocol.java:868)
	at org.apache.tomcat.util.net.NioEndpoint$SocketProcessor.doRun(NioEndpoint.java:1590)
	at org.apache.tomcat.util.net.SocketProcessorBase.run(SocketProcessorBase.java:49)
	at java.base/java.util.concurrent.ThreadPoolExecutor.runWorker(ThreadPoolExecutor.java:1130)
	at java.base/java.util.concurrent.ThreadPoolExecutor$Worker.run(ThreadPoolExecutor.java:630)
	at org.apache.tomcat.util.threads.TaskThread$WrappingRunnable.run(TaskThread.java:61)
	at java.base/java.lang.Thread.run(Thread.java:832)
Caused by: org.mybatis.spring.MyBatisSystemException: nested exception is org.apache.ibatis.reflection.ReflectionException: Could not set property 'roles' of 'class com.salary.model.User' with value 'Role(id=4, name=ROLE_sysadmin, nameZh=系统管理员)' Cause: java.lang.IllegalArgumentException: argument type mismatch
	at org.mybatis.spring.MyBatisExceptionTranslator.translateExceptionIfPossible(MyBatisExceptionTranslator.java:92)
	at org.mybatis.spring.SqlSessionTemplate$SqlSessionInterceptor.invoke(SqlSessionTemplate.java:440)
	at com.sun.proxy.$Proxy63.selectOne(Unknown Source)
	at org.mybatis.spring.SqlSessionTemplate.selectOne(SqlSessionTemplate.java:159)
	at org.apache.ibatis.binding.MapperMethod.execute(MapperMethod.java:87)
	at org.apache.ibatis.binding.MapperProxy$PlainMethodInvoker.invoke(MapperProxy.java:152)
	at org.apache.ibatis.binding.MapperProxy.invoke(MapperProxy.java:85)
	at com.sun.proxy.$Proxy64.selectByPrimaryKey(Unknown Source)
	at java.base/jdk.internal.reflect.NativeMethodAccessorImpl.invoke0(Native Method)
	at java.base/jdk.internal.reflect.NativeMethodAccessorImpl.invoke(NativeMethodAccessorImpl.java:62)
	at java.base/jdk.internal.reflect.DelegatingMethodAccessorImpl.invoke(DelegatingMethodAccessorImpl.java:43)
	at java.base/java.lang.reflect.Method.invoke(Method.java:564)
	at org.springframework.aop.support.AopUtils.invokeJoinpointUsingReflection(AopUtils.java:344)
	at org.springframework.aop.framework.ReflectiveMethodInvocation.invokeJoinpoint(ReflectiveMethodInvocation.java:198)
	at org.springframework.aop.framework.ReflectiveMethodInvocation.proceed(ReflectiveMethodInvocation.java:163)
	at org.springframework.transaction.interceptor.TransactionAspectSupport.invokeWithinTransaction(TransactionAspectSupport.java:367)
	at org.springframework.transaction.interceptor.TransactionInterceptor.invoke(TransactionInterceptor.java:118)
	at org.springframework.aop.framework.ReflectiveMethodInvocation.proceed(ReflectiveMethodInvocation.java:186)
	at org.springframework.aop.framework.JdkDynamicAopProxy.invoke(JdkDynamicAopProxy.java:212)
	at com.sun.proxy.$Proxy65.selectByPrimaryKey(Unknown Source)
	at com.salary.service.UserService.loadUserByUsername(UserService.java:23)
	at org.springframework.security.authentication.dao.DaoAuthenticationProvider.retrieveUser(DaoAuthenticationProvider.java:108)
	... 57 common frames omitted
Caused by: org.apache.ibatis.reflection.ReflectionException: Could not set property 'roles' of 'class com.salary.model.User' with value 'Role(id=4, name=ROLE_sysadmin, nameZh=系统管理员)' Cause: java.lang.IllegalArgumentException: argument type mismatch
	at org.apache.ibatis.reflection.wrapper.BeanWrapper.setBeanProperty(BeanWrapper.java:185)
	at org.apache.ibatis.reflection.wrapper.BeanWrapper.set(BeanWrapper.java:59)
	at org.apache.ibatis.reflection.MetaObject.setValue(MetaObject.java:140)
	at org.apache.ibatis.executor.resultset.DefaultResultSetHandler.linkObjects(DefaultResultSetHandler.java:1107)
	at org.apache.ibatis.executor.resultset.DefaultResultSetHandler.applyNestedResultMappings(DefaultResultSetHandler.java:954)
	at org.apache.ibatis.executor.resultset.DefaultResultSetHandler.getRowValue(DefaultResultSetHandler.java:434)
	at org.apache.ibatis.executor.resultset.DefaultResultSetHandler.handleRowValuesForNestedResultMap(DefaultResultSetHandler.java:909)
	at org.apache.ibatis.executor.resultset.DefaultResultSetHandler.handleRowValues(DefaultResultSetHandler.java:326)
	at org.apache.ibatis.executor.resultset.DefaultResultSetHandler.handleResultSet(DefaultResultSetHandler.java:301)
	at org.apache.ibatis.executor.resultset.DefaultResultSetHandler.handleResultSets(DefaultResultSetHandler.java:194)
	at org.apache.ibatis.executor.statement.PreparedStatementHandler.query(PreparedStatementHandler.java:65)
	at org.apache.ibatis.executor.statement.RoutingStatementHandler.query(RoutingStatementHandler.java:79)
	at org.apache.ibatis.executor.SimpleExecutor.doQuery(SimpleExecutor.java:63)
	at org.apache.ibatis.executor.BaseExecutor.queryFromDatabase(BaseExecutor.java:325)
	at org.apache.ibatis.executor.BaseExecutor.query(BaseExecutor.java:156)
	at org.apache.ibatis.executor.CachingExecutor.query(CachingExecutor.java:109)
	at com.github.pagehelper.PageInterceptor.intercept(PageInterceptor.java:108)
	at org.apache.ibatis.plugin.Plugin.invoke(Plugin.java:61)
	at com.sun.proxy.$Proxy93.query(Unknown Source)
	at org.apache.ibatis.session.defaults.DefaultSqlSession.selectList(DefaultSqlSession.java:147)
	at org.apache.ibatis.session.defaults.DefaultSqlSession.selectList(DefaultSqlSession.java:140)
	at org.apache.ibatis.session.defaults.DefaultSqlSession.selectOne(DefaultSqlSession.java:76)
	at java.base/jdk.internal.reflect.NativeMethodAccessorImpl.invoke0(Native Method)
	at java.base/jdk.internal.reflect.NativeMethodAccessorImpl.invoke(NativeMethodAccessorImpl.java:62)
	at java.base/jdk.internal.reflect.DelegatingMethodAccessorImpl.invoke(DelegatingMethodAccessorImpl.java:43)
	at java.base/java.lang.reflect.Method.invoke(Method.java:564)
	at org.mybatis.spring.SqlSessionTemplate$SqlSessionInterceptor.invoke(SqlSessionTemplate.java:426)
	... 77 common frames omitted
Caused by: java.lang.IllegalArgumentException: argument type mismatch
	at java.base/jdk.internal.reflect.NativeMethodAccessorImpl.invoke0(Native Method)
	at java.base/jdk.internal.reflect.NativeMethodAccessorImpl.invoke(NativeMethodAccessorImpl.java:62)
	at java.base/jdk.internal.reflect.DelegatingMethodAccessorImpl.invoke(DelegatingMethodAccessorImpl.java:43)
	at java.base/java.lang.reflect.Method.invoke(Method.java:564)
	at org.apache.ibatis.reflection.invoker.MethodInvoker.invoke(MethodInvoker.java:44)
	at org.apache.ibatis.reflection.wrapper.BeanWrapper.setBeanProperty(BeanWrapper.java:180)
	... 103 common frames omitted
2020-11-28 20:04:00.343 [restartedMain] INFO  com.salary.TenthTeamApplication - Starting TenthTeamApplication on LAPTOP-D6AL548I with PID 10428 (D:\Java\JavaProjects\salary\target\classes started by 刘以强 in D:\Java\JavaProjects\salary)
2020-11-28 20:04:00.343 [restartedMain] INFO  com.salary.TenthTeamApplication - The following profiles are active: prod
2020-11-28 20:04:00.417 [restartedMain] INFO  o.s.boot.devtools.restart.ChangeableUrls - The Class-Path manifest attribute in D:\maven\repository\com\sun\xml\bind\jaxb-impl\2.3.0\jaxb-impl-2.3.0.jar referenced one or more files that do not exist: file:/D:/maven/repository/com/sun/xml/bind/jaxb-impl/2.3.0/jaxb-core.jar
2020-11-28 20:04:00.417 [restartedMain] INFO  o.s.boot.devtools.restart.ChangeableUrls - The Class-Path manifest attribute in D:\maven\repository\com\sun\xml\bind\jaxb-core\2.3.0\jaxb-core-2.3.0.jar referenced one or more files that do not exist: file:/D:/maven/repository/com/sun/xml/bind/jaxb-core/2.3.0/jaxb-api.jar
2020-11-28 20:04:00.417 [restartedMain] INFO  o.s.b.d.env.DevToolsPropertyDefaultsPostProcessor - Devtools property defaults active! Set 'spring.devtools.add-properties' to 'false' to disable
2020-11-28 20:04:00.417 [restartedMain] INFO  o.s.b.d.env.DevToolsPropertyDefaultsPostProcessor - For additional web related logging consider setting the 'logging.level.web' property to 'DEBUG'
2020-11-28 20:04:01.843 [restartedMain] INFO  o.s.boot.web.embedded.tomcat.TomcatWebServer - Tomcat initialized with port(s): 5678 (http)
2020-11-28 20:04:01.853 [restartedMain] INFO  org.apache.catalina.core.StandardService - Starting service [Tomcat]
2020-11-28 20:04:01.853 [restartedMain] INFO  org.apache.catalina.core.StandardEngine - Starting Servlet engine: [Apache Tomcat/9.0.39]
2020-11-28 20:04:01.943 [restartedMain] INFO  o.a.c.c.C.[Tomcat].[localhost].[/salary] - Initializing Spring embedded WebApplicationContext
2020-11-28 20:04:01.943 [restartedMain] INFO  o.s.b.w.s.c.ServletWebServerApplicationContext - Root WebApplicationContext: initialization completed in 1526 ms
2020-11-28 20:04:02.018 [restartedMain] INFO  c.a.d.s.b.a.DruidDataSourceAutoConfigure - Init DruidDataSource
2020-11-28 20:04:09.162 [restartedMain] INFO  com.alibaba.druid.pool.DruidDataSource - {dataSource-1} inited
2020-11-28 20:04:09.858 [restartedMain] INFO  o.s.security.web.DefaultSecurityFilterChain - Creating filter chain: Ant [pattern='/forget'], []
2020-11-28 20:04:09.859 [restartedMain] INFO  o.s.security.web.DefaultSecurityFilterChain - Creating filter chain: Ant [pattern='/sendmail'], []
2020-11-28 20:04:09.932 [restartedMain] INFO  o.s.security.web.DefaultSecurityFilterChain - Creating filter chain: any request, [org.springframework.security.web.context.request.async.WebAsyncManagerIntegrationFilter@58fc110d, org.springframework.security.web.context.SecurityContextPersistenceFilter@6d3fcfbb, org.springframework.security.web.header.HeaderWriterFilter@13118088, org.springframework.web.filter.CorsFilter@11c07fa, org.springframework.security.web.authentication.logout.LogoutFilter@289d9f8e, com.salary.security.TokenAuthenticationFilter@ebbd3ba, org.springframework.security.web.authentication.UsernamePasswordAuthenticationFilter@4834e2da, org.springframework.security.web.authentication.ui.DefaultLoginPageGeneratingFilter@4ad54b85, org.springframework.security.web.authentication.ui.DefaultLogoutPageGeneratingFilter@54b914c5, org.springframework.security.web.authentication.www.BasicAuthenticationFilter@29a704ad, org.springframework.security.web.savedrequest.RequestCacheAwareFilter@78b034f, org.springframework.security.web.servletapi.SecurityContextHolderAwareRequestFilter@6ddf78a4, org.springframework.security.web.authentication.AnonymousAuthenticationFilter@5a77e997, org.springframework.security.web.session.SessionManagementFilter@3caa5443, org.springframework.security.web.access.ExceptionTranslationFilter@16c6755d, org.springframework.security.web.access.intercept.FilterSecurityInterceptor@77a88da]
2020-11-28 20:04:10.092 [restartedMain] INFO  o.s.scheduling.concurrent.ThreadPoolTaskExecutor - Initializing ExecutorService 'applicationTaskExecutor'
2020-11-28 20:04:10.375 [restartedMain] WARN  o.s.b.a.freemarker.FreeMarkerAutoConfiguration - Cannot find template location(s): [classpath:/templates/] (please add some templates, check your FreeMarker configuration, or set spring.freemarker.checkTemplateLocation=false)
2020-11-28 20:04:10.462 [restartedMain] INFO  o.s.b.d.autoconfigure.OptionalLiveReloadServer - LiveReload server is running on port 35729
2020-11-28 20:04:10.533 [restartedMain] INFO  o.s.boot.web.embedded.tomcat.TomcatWebServer - Tomcat started on port(s): 5678 (http) with context path '/salary'
2020-11-28 20:04:10.547 [restartedMain] INFO  com.salary.TenthTeamApplication - Started TenthTeamApplication in 10.817 seconds (JVM running for 11.669)
2020-11-28 20:04:10.952 [http-nio-5678-exec-1] INFO  o.a.c.c.C.[Tomcat].[localhost].[/salary] - Initializing Spring DispatcherServlet 'dispatcherServlet'
2020-11-28 20:04:10.953 [http-nio-5678-exec-1] INFO  org.springframework.web.servlet.DispatcherServlet - Initializing Servlet 'dispatcherServlet'
2020-11-28 20:04:10.963 [http-nio-5678-exec-1] INFO  org.springframework.web.servlet.DispatcherServlet - Completed initialization in 10 ms
2020-11-28 21:18:38.976 [restartedMain] INFO  com.salary.TenthTeamApplication - Starting TenthTeamApplication on LAPTOP-D6AL548I with PID 11108 (D:\Java\JavaProjects\salary\target\classes started by 刘以强 in D:\Java\JavaProjects\salary)
2020-11-28 21:18:38.976 [restartedMain] INFO  com.salary.TenthTeamApplication - The following profiles are active: prod
2020-11-28 21:18:39.056 [restartedMain] INFO  o.s.boot.devtools.restart.ChangeableUrls - The Class-Path manifest attribute in D:\maven\repository\com\sun\xml\bind\jaxb-impl\2.3.0\jaxb-impl-2.3.0.jar referenced one or more files that do not exist: file:/D:/maven/repository/com/sun/xml/bind/jaxb-impl/2.3.0/jaxb-core.jar
2020-11-28 21:18:39.056 [restartedMain] INFO  o.s.boot.devtools.restart.ChangeableUrls - The Class-Path manifest attribute in D:\maven\repository\com\sun\xml\bind\jaxb-core\2.3.0\jaxb-core-2.3.0.jar referenced one or more files that do not exist: file:/D:/maven/repository/com/sun/xml/bind/jaxb-core/2.3.0/jaxb-api.jar
2020-11-28 21:18:39.056 [restartedMain] INFO  o.s.b.d.env.DevToolsPropertyDefaultsPostProcessor - Devtools property defaults active! Set 'spring.devtools.add-properties' to 'false' to disable
2020-11-28 21:18:39.056 [restartedMain] INFO  o.s.b.d.env.DevToolsPropertyDefaultsPostProcessor - For additional web related logging consider setting the 'logging.level.web' property to 'DEBUG'
2020-11-28 21:18:40.656 [restartedMain] INFO  o.s.boot.web.embedded.tomcat.TomcatWebServer - Tomcat initialized with port(s): 5678 (http)
2020-11-28 21:18:40.666 [restartedMain] INFO  org.apache.catalina.core.StandardService - Starting service [Tomcat]
2020-11-28 21:18:40.666 [restartedMain] INFO  org.apache.catalina.core.StandardEngine - Starting Servlet engine: [Apache Tomcat/9.0.39]
2020-11-28 21:18:40.776 [restartedMain] INFO  o.a.c.c.C.[Tomcat].[localhost].[/salary] - Initializing Spring embedded WebApplicationContext
2020-11-28 21:18:40.776 [restartedMain] INFO  o.s.b.w.s.c.ServletWebServerApplicationContext - Root WebApplicationContext: initialization completed in 1713 ms
2020-11-28 21:18:40.846 [restartedMain] INFO  c.a.d.s.b.a.DruidDataSourceAutoConfigure - Init DruidDataSource
2020-11-28 21:18:48.556 [restartedMain] INFO  com.alibaba.druid.pool.DruidDataSource - {dataSource-1} inited
2020-11-28 21:18:49.226 [restartedMain] INFO  o.s.security.web.DefaultSecurityFilterChain - Creating filter chain: Ant [pattern='/forget'], []
2020-11-28 21:18:49.226 [restartedMain] INFO  o.s.security.web.DefaultSecurityFilterChain - Creating filter chain: Ant [pattern='/sendmail'], []
2020-11-28 21:18:49.276 [restartedMain] INFO  o.s.security.web.DefaultSecurityFilterChain - Creating filter chain: any request, [org.springframework.security.web.context.request.async.WebAsyncManagerIntegrationFilter@a2483c5, org.springframework.security.web.context.SecurityContextPersistenceFilter@11808d17, org.springframework.security.web.header.HeaderWriterFilter@45ba42b4, org.springframework.web.filter.CorsFilter@455e59ac, org.springframework.security.web.authentication.logout.LogoutFilter@40069f3d, com.salary.security.TokenAuthenticationFilter@552be55d, org.springframework.security.web.authentication.UsernamePasswordAuthenticationFilter@4bbe26b1, org.springframework.security.web.authentication.ui.DefaultLoginPageGeneratingFilter@23b9bff6, org.springframework.security.web.authentication.ui.DefaultLogoutPageGeneratingFilter@60d805c3, org.springframework.security.web.authentication.www.BasicAuthenticationFilter@71d9f924, org.springframework.security.web.savedrequest.RequestCacheAwareFilter@7b8fe5cb, org.springframework.security.web.servletapi.SecurityContextHolderAwareRequestFilter@463e130d, org.springframework.security.web.authentication.AnonymousAuthenticationFilter@1f1710f6, org.springframework.security.web.session.SessionManagementFilter@75618787, org.springframework.security.web.access.ExceptionTranslationFilter@6da843ea, org.springframework.security.web.access.intercept.FilterSecurityInterceptor@6fac879b]
2020-11-28 21:18:49.426 [restartedMain] INFO  o.s.scheduling.concurrent.ThreadPoolTaskExecutor - Initializing ExecutorService 'applicationTaskExecutor'
2020-11-28 21:18:49.716 [restartedMain] WARN  o.s.b.a.freemarker.FreeMarkerAutoConfiguration - Cannot find template location(s): [classpath:/templates/] (please add some templates, check your FreeMarker configuration, or set spring.freemarker.checkTemplateLocation=false)
2020-11-28 21:18:49.796 [restartedMain] INFO  o.s.b.d.autoconfigure.OptionalLiveReloadServer - LiveReload server is running on port 35729
2020-11-28 21:18:49.866 [restartedMain] INFO  o.s.boot.web.embedded.tomcat.TomcatWebServer - Tomcat started on port(s): 5678 (http) with context path '/salary'
2020-11-28 21:18:49.886 [restartedMain] INFO  com.salary.TenthTeamApplication - Started TenthTeamApplication in 11.694 seconds (JVM running for 12.683)
2020-11-28 21:19:31.749 [http-nio-5678-exec-2] INFO  o.a.c.c.C.[Tomcat].[localhost].[/salary] - Initializing Spring DispatcherServlet 'dispatcherServlet'
2020-11-28 21:19:31.749 [http-nio-5678-exec-2] INFO  org.springframework.web.servlet.DispatcherServlet - Initializing Servlet 'dispatcherServlet'
2020-11-28 21:19:31.759 [http-nio-5678-exec-2] INFO  org.springframework.web.servlet.DispatcherServlet - Completed initialization in 10 ms
2020-11-28 21:23:41.441 [restartedMain] INFO  com.salary.TenthTeamApplication - Starting TenthTeamApplication on LAPTOP-D6AL548I with PID 4320 (D:\Java\JavaProjects\salary\target\classes started by 刘以强 in D:\Java\JavaProjects\salary)
2020-11-28 21:23:41.444 [restartedMain] INFO  com.salary.TenthTeamApplication - The following profiles are active: prod
2020-11-28 21:23:41.520 [restartedMain] INFO  o.s.boot.devtools.restart.ChangeableUrls - The Class-Path manifest attribute in D:\maven\repository\com\sun\xml\bind\jaxb-impl\2.3.0\jaxb-impl-2.3.0.jar referenced one or more files that do not exist: file:/D:/maven/repository/com/sun/xml/bind/jaxb-impl/2.3.0/jaxb-core.jar
2020-11-28 21:23:41.520 [restartedMain] INFO  o.s.boot.devtools.restart.ChangeableUrls - The Class-Path manifest attribute in D:\maven\repository\com\sun\xml\bind\jaxb-core\2.3.0\jaxb-core-2.3.0.jar referenced one or more files that do not exist: file:/D:/maven/repository/com/sun/xml/bind/jaxb-core/2.3.0/jaxb-api.jar
2020-11-28 21:23:41.521 [restartedMain] INFO  o.s.b.d.env.DevToolsPropertyDefaultsPostProcessor - Devtools property defaults active! Set 'spring.devtools.add-properties' to 'false' to disable
2020-11-28 21:23:41.521 [restartedMain] INFO  o.s.b.d.env.DevToolsPropertyDefaultsPostProcessor - For additional web related logging consider setting the 'logging.level.web' property to 'DEBUG'
2020-11-28 21:23:43.018 [restartedMain] INFO  o.s.boot.web.embedded.tomcat.TomcatWebServer - Tomcat initialized with port(s): 5678 (http)
2020-11-28 21:23:43.031 [restartedMain] INFO  org.apache.catalina.core.StandardService - Starting service [Tomcat]
2020-11-28 21:23:43.031 [restartedMain] INFO  org.apache.catalina.core.StandardEngine - Starting Servlet engine: [Apache Tomcat/9.0.39]
2020-11-28 21:23:43.126 [restartedMain] INFO  o.a.c.c.C.[Tomcat].[localhost].[/salary] - Initializing Spring embedded WebApplicationContext
2020-11-28 21:23:43.126 [restartedMain] INFO  o.s.b.w.s.c.ServletWebServerApplicationContext - Root WebApplicationContext: initialization completed in 1604 ms
2020-11-28 21:23:43.192 [restartedMain] INFO  c.a.d.s.b.a.DruidDataSourceAutoConfigure - Init DruidDataSource
2020-11-28 21:23:50.729 [restartedMain] INFO  com.alibaba.druid.pool.DruidDataSource - {dataSource-1} inited
2020-11-28 21:23:51.349 [restartedMain] INFO  o.s.security.web.DefaultSecurityFilterChain - Creating filter chain: Ant [pattern='/forget'], []
2020-11-28 21:23:51.349 [restartedMain] INFO  o.s.security.web.DefaultSecurityFilterChain - Creating filter chain: Ant [pattern='/sendmail'], []
2020-11-28 21:23:51.404 [restartedMain] INFO  o.s.security.web.DefaultSecurityFilterChain - Creating filter chain: any request, [org.springframework.security.web.context.request.async.WebAsyncManagerIntegrationFilter@3011c03d, org.springframework.security.web.context.SecurityContextPersistenceFilter@2963aae1, org.springframework.security.web.header.HeaderWriterFilter@76deb088, org.springframework.web.filter.CorsFilter@5c19fce4, org.springframework.security.web.authentication.logout.LogoutFilter@4e326490, com.salary.security.TokenAuthenticationFilter@c5739ad, org.springframework.security.web.authentication.UsernamePasswordAuthenticationFilter@29a47ce3, org.springframework.security.web.authentication.ui.DefaultLoginPageGeneratingFilter@3bf3365c, org.springframework.security.web.authentication.ui.DefaultLogoutPageGeneratingFilter@4be96690, org.springframework.security.web.authentication.www.BasicAuthenticationFilter@6fac879b, org.springframework.security.web.savedrequest.RequestCacheAwareFilter@23c6abcf, org.springframework.security.web.servletapi.SecurityContextHolderAwareRequestFilter@7b8fe5cb, org.springframework.security.web.authentication.AnonymousAuthenticationFilter@319efd7d, org.springframework.security.web.session.SessionManagementFilter@2d6b10aa, org.springframework.security.web.access.ExceptionTranslationFilter@692c8029, org.springframework.security.web.access.intercept.FilterSecurityInterceptor@3cebb0df]
2020-11-28 21:23:51.575 [restartedMain] INFO  o.s.scheduling.concurrent.ThreadPoolTaskExecutor - Initializing ExecutorService 'applicationTaskExecutor'
2020-11-28 21:23:51.860 [restartedMain] WARN  o.s.b.a.freemarker.FreeMarkerAutoConfiguration - Cannot find template location(s): [classpath:/templates/] (please add some templates, check your FreeMarker configuration, or set spring.freemarker.checkTemplateLocation=false)
2020-11-28 21:23:51.938 [restartedMain] INFO  o.s.b.d.autoconfigure.OptionalLiveReloadServer - LiveReload server is running on port 35729
2020-11-28 21:23:52.011 [restartedMain] INFO  o.s.boot.web.embedded.tomcat.TomcatWebServer - Tomcat started on port(s): 5678 (http) with context path '/salary'
2020-11-28 21:23:52.024 [restartedMain] INFO  com.salary.TenthTeamApplication - Started TenthTeamApplication in 11.28 seconds (JVM running for 12.263)
2020-11-28 21:23:58.862 [http-nio-5678-exec-2] INFO  o.a.c.c.C.[Tomcat].[localhost].[/salary] - Initializing Spring DispatcherServlet 'dispatcherServlet'
2020-11-28 21:23:58.862 [http-nio-5678-exec-2] INFO  org.springframework.web.servlet.DispatcherServlet - Initializing Servlet 'dispatcherServlet'
2020-11-28 21:23:58.872 [http-nio-5678-exec-2] INFO  org.springframework.web.servlet.DispatcherServlet - Completed initialization in 9 ms
2020-11-28 21:39:08.438 [restartedMain] INFO  com.salary.TenthTeamApplication - Starting TenthTeamApplication on LAPTOP-D6AL548I with PID 4876 (D:\Java\JavaProjects\salary\target\classes started by 刘以强 in D:\Java\JavaProjects\salary)
2020-11-28 21:39:08.444 [restartedMain] INFO  com.salary.TenthTeamApplication - The following profiles are active: prod
2020-11-28 21:39:08.514 [restartedMain] INFO  o.s.boot.devtools.restart.ChangeableUrls - The Class-Path manifest attribute in D:\maven\repository\com\sun\xml\bind\jaxb-impl\2.3.0\jaxb-impl-2.3.0.jar referenced one or more files that do not exist: file:/D:/maven/repository/com/sun/xml/bind/jaxb-impl/2.3.0/jaxb-core.jar
2020-11-28 21:39:08.514 [restartedMain] INFO  o.s.boot.devtools.restart.ChangeableUrls - The Class-Path manifest attribute in D:\maven\repository\com\sun\xml\bind\jaxb-core\2.3.0\jaxb-core-2.3.0.jar referenced one or more files that do not exist: file:/D:/maven/repository/com/sun/xml/bind/jaxb-core/2.3.0/jaxb-api.jar
2020-11-28 21:39:08.519 [restartedMain] INFO  o.s.b.d.env.DevToolsPropertyDefaultsPostProcessor - Devtools property defaults active! Set 'spring.devtools.add-properties' to 'false' to disable
2020-11-28 21:39:08.519 [restartedMain] INFO  o.s.b.d.env.DevToolsPropertyDefaultsPostProcessor - For additional web related logging consider setting the 'logging.level.web' property to 'DEBUG'
2020-11-28 21:39:10.124 [restartedMain] INFO  o.s.boot.web.embedded.tomcat.TomcatWebServer - Tomcat initialized with port(s): 5678 (http)
2020-11-28 21:39:10.135 [restartedMain] INFO  org.apache.catalina.core.StandardService - Starting service [Tomcat]
2020-11-28 21:39:10.135 [restartedMain] INFO  org.apache.catalina.core.StandardEngine - Starting Servlet engine: [Apache Tomcat/9.0.39]
2020-11-28 21:39:10.244 [restartedMain] INFO  o.a.c.c.C.[Tomcat].[localhost].[/salary] - Initializing Spring embedded WebApplicationContext
2020-11-28 21:39:10.244 [restartedMain] INFO  o.s.b.w.s.c.ServletWebServerApplicationContext - Root WebApplicationContext: initialization completed in 1725 ms
2020-11-28 21:39:10.324 [restartedMain] INFO  c.a.d.s.b.a.DruidDataSourceAutoConfigure - Init DruidDataSource
2020-11-28 21:39:18.485 [restartedMain] INFO  com.alibaba.druid.pool.DruidDataSource - {dataSource-1} inited
2020-11-28 21:39:19.170 [restartedMain] INFO  o.s.security.web.DefaultSecurityFilterChain - Creating filter chain: Ant [pattern='/forget'], []
2020-11-28 21:39:19.170 [restartedMain] INFO  o.s.security.web.DefaultSecurityFilterChain - Creating filter chain: Ant [pattern='/sendmail'], []
2020-11-28 21:39:19.214 [restartedMain] INFO  o.s.security.web.DefaultSecurityFilterChain - Creating filter chain: any request, [org.springframework.security.web.context.request.async.WebAsyncManagerIntegrationFilter@494be19c, org.springframework.security.web.context.SecurityContextPersistenceFilter@3511714f, org.springframework.security.web.header.HeaderWriterFilter@59da4249, org.springframework.web.filter.CorsFilter@3eeda808, org.springframework.security.web.authentication.logout.LogoutFilter@1073776, com.salary.security.TokenAuthenticationFilter@4854d1d6, org.springframework.security.web.authentication.UsernamePasswordAuthenticationFilter@137bcda1, org.springframework.security.web.authentication.ui.DefaultLoginPageGeneratingFilter@342deab5, org.springframework.security.web.authentication.ui.DefaultLogoutPageGeneratingFilter@201110b3, org.springframework.security.web.authentication.www.BasicAuthenticationFilter@3202b96a, org.springframework.security.web.savedrequest.RequestCacheAwareFilter@7a95080b, org.springframework.security.web.servletapi.SecurityContextHolderAwareRequestFilter@27e61702, org.springframework.security.web.authentication.AnonymousAuthenticationFilter@14c0adbc, org.springframework.security.web.session.SessionManagementFilter@24f59583, org.springframework.security.web.access.ExceptionTranslationFilter@60b774f, org.springframework.security.web.access.intercept.FilterSecurityInterceptor@185ed4cc]
2020-11-28 21:39:19.324 [restartedMain] INFO  o.s.scheduling.concurrent.ThreadPoolTaskExecutor - Initializing ExecutorService 'applicationTaskExecutor'
2020-11-28 21:39:19.635 [restartedMain] WARN  o.s.b.a.freemarker.FreeMarkerAutoConfiguration - Cannot find template location(s): [classpath:/templates/] (please add some templates, check your FreeMarker configuration, or set spring.freemarker.checkTemplateLocation=false)
2020-11-28 21:39:19.734 [restartedMain] INFO  o.s.b.d.autoconfigure.OptionalLiveReloadServer - LiveReload server is running on port 35729
2020-11-28 21:39:19.814 [restartedMain] INFO  o.s.boot.web.embedded.tomcat.TomcatWebServer - Tomcat started on port(s): 5678 (http) with context path '/salary'
2020-11-28 21:39:19.825 [restartedMain] INFO  com.salary.TenthTeamApplication - Started TenthTeamApplication in 12.066 seconds (JVM running for 13.096)
2020-11-28 21:39:23.935 [http-nio-5678-exec-2] INFO  o.a.c.c.C.[Tomcat].[localhost].[/salary] - Initializing Spring DispatcherServlet 'dispatcherServlet'
2020-11-28 21:39:23.936 [http-nio-5678-exec-2] INFO  org.springframework.web.servlet.DispatcherServlet - Initializing Servlet 'dispatcherServlet'
2020-11-28 21:39:23.945 [http-nio-5678-exec-2] INFO  org.springframework.web.servlet.DispatcherServlet - Completed initialization in 9 ms
